\BOOKMARK [1][-]{section.1}{\376\377\000E\000x\000e\000c\000u\000t\000i\000v\000e\000\040\000S\000u\000m\000m\000a\000r\000y}{}% 1
\BOOKMARK [2][-]{subsection.1.1}{\376\377\000P\000u\000r\000p\000o\000s\000e\000\040\000o\000f\000\040\000t\000h\000e\000\040\000A\000u\000d\000i\000t}{section.1}% 2
\BOOKMARK [2][-]{subsection.1.2}{\376\377\000O\000v\000e\000r\000a\000l\000l\000\040\000A\000s\000s\000e\000s\000s\000m\000e\000n\000t}{section.1}% 3
\BOOKMARK [2][-]{subsection.1.3}{\376\377\000K\000e\000y\000\040\000F\000i\000n\000d\000i\000n\000g\000s}{section.1}% 4
\BOOKMARK [3][-]{subsubsection.1.3.1}{\376\377\000C\000r\000i\000t\000i\000c\000a\000l\000\040\000D\000i\000s\000c\000o\000v\000e\000r\000i\000e\000s}{subsection.1.3}% 5
\BOOKMARK [3][-]{subsubsection.1.3.2}{\376\377\000R\000i\000s\000k\000\040\000A\000s\000s\000e\000s\000s\000m\000e\000n\000t\000\040\000S\000u\000m\000m\000a\000r\000y}{subsection.1.3}% 6
\BOOKMARK [1][-]{section.2}{\376\377\000S\000c\000o\000p\000e\000\040\000o\000f\000\040\000W\000o\000r\000k}{}% 7
\BOOKMARK [2][-]{subsection.2.1}{\376\377\000C\000o\000d\000e\000\040\000a\000n\000d\000\040\000C\000o\000m\000p\000o\000n\000e\000n\000t\000s\000\040\000A\000u\000d\000i\000t\000e\000d}{section.2}% 8
\BOOKMARK [2][-]{subsection.2.2}{\376\377\000E\000x\000c\000l\000u\000s\000i\000o\000n\000s}{section.2}% 9
\BOOKMARK [2][-]{subsection.2.3}{\376\377\000T\000i\000m\000e\000\040\000F\000r\000a\000m\000e}{section.2}% 10
\BOOKMARK [1][-]{section.3}{\376\377\000M\000e\000t\000h\000o\000d\000o\000l\000o\000g\000y}{}% 11
\BOOKMARK [2][-]{subsection.3.1}{\376\377\000R\000e\000v\000i\000e\000w\000\040\000P\000r\000o\000c\000e\000s\000s}{section.3}% 12
\BOOKMARK [3][-]{subsubsection.3.1.1}{\376\377\000M\000a\000n\000u\000a\000l\000\040\000C\000o\000d\000e\000\040\000R\000e\000v\000i\000e\000w\000\040\000a\000n\000d\000\040\000D\000e\000v\000e\000l\000o\000p\000e\000r\000\040\000I\000n\000t\000e\000r\000v\000i\000e\000w\000s}{subsection.3.1}% 13
\BOOKMARK [3][-]{subsubsection.3.1.2}{\376\377\000E\000n\000v\000i\000r\000o\000n\000m\000e\000n\000t\000\040\000a\000n\000d\000\040\000T\000e\000s\000t\000i\000n\000g}{subsection.3.1}% 14
\BOOKMARK [2][-]{subsection.3.2}{\376\377\000R\000i\000s\000k\000\040\000R\000a\000t\000i\000n\000g\000\040\000M\000e\000t\000h\000o\000d\000o\000l\000o\000g\000y}{section.3}% 15
\BOOKMARK [1][-]{section.4}{\376\377\000D\000e\000t\000a\000i\000l\000e\000d\000\040\000F\000i\000n\000d\000i\000n\000g\000s}{}% 16
\BOOKMARK [2][-]{subsection.4.1}{\376\377\000A\000r\000c\000h\000i\000t\000e\000c\000t\000u\000r\000e\000\040\000O\000v\000e\000r\000v\000i\000e\000w}{section.4}% 17
\BOOKMARK [3][-]{subsubsection.4.1.1}{\376\377\000M\000a\000i\000n\000\040\000T\000r\000a\000n\000s\000a\000c\000t\000i\000o\000n\000\040\000H\000a\000n\000d\000l\000e\000r\000\040\000\050\000C\000a\000l\000l\000b\000a\000c\000k\000\051}{subsection.4.1}% 18
\BOOKMARK [3][-]{subsubsection.4.1.2}{\376\377\000L\000i\000q\000u\000i\000d\000i\000t\000y\000\040\000\046\000\040\000P\000r\000o\000f\000i\000t\000\040\000M\000a\000n\000a\000g\000e\000m\000e\000n\000t}{subsection.4.1}% 19
\BOOKMARK [3][-]{subsubsection.4.1.3}{\376\377\000R\000e\000w\000a\000r\000d\000\040\000D\000i\000s\000t\000r\000i\000b\000u\000t\000i\000o\000n}{subsection.4.1}% 20
\BOOKMARK [3][-]{subsubsection.4.1.4}{\376\377\000C\000o\000n\000c\000u\000r\000r\000e\000n\000c\000y\000\040\000\046\000\040\000F\000i\000l\000e\000-\000B\000a\000s\000e\000d\000\040\000S\000t\000a\000t\000e}{subsection.4.1}% 21
\BOOKMARK [3][-]{subsubsection.4.1.5}{\376\377\000S\000u\000p\000p\000o\000r\000t\000i\000n\000g\000\040\000M\000o\000d\000u\000l\000e\000s\000\040\000a\000n\000d\000\040\000C\000h\000e\000c\000k\000s}{subsection.4.1}% 22
\BOOKMARK [2][-]{subsection.4.2}{\376\377\000E\000x\000t\000e\000r\000n\000a\000l\000\040\000S\000e\000r\000v\000i\000c\000e\000s\000\040\000a\000n\000d\000\040\000D\000e\000p\000e\000n\000d\000e\000n\000c\000i\000e\000s}{section.4}% 23
\BOOKMARK [3][-]{subsubsection.4.2.1}{\376\377\000B\000l\000o\000c\000k\000F\000r\000o\000s\000t\000\040\000A\000P\000I}{subsection.4.2}% 24
\BOOKMARK [3][-]{subsubsection.4.2.2}{\376\377\000P\000y\000C\000a\000r\000d\000a\000n\000o}{subsection.4.2}% 25
\BOOKMARK [3][-]{subsubsection.4.2.3}{\376\377\000T\000a\000p\000T\000o\000o\000l\000s\000\040\000A\000P\000I}{subsection.4.2}% 26
\BOOKMARK [3][-]{subsubsection.4.2.4}{\376\377\000M\000a\000i\000l\000j\000e\000t\000\040\000/\000\040\000S\000M\000T\000P}{subsection.4.2}% 27
\BOOKMARK [3][-]{subsubsection.4.2.5}{\376\377\000M\000o\000n\000g\000o\000D\000B}{subsection.4.2}% 28
\BOOKMARK [3][-]{subsubsection.4.2.6}{\376\377\000T\000w\000e\000e\000p\000y\000\040\000\050\000T\000w\000i\000t\000t\000e\000r\000\051}{subsection.4.2}% 29
\BOOKMARK [3][-]{subsubsection.4.2.7}{\376\377\000D\000i\000s\000c\000o\000r\000d\000\040\000P\000o\000s\000t\000i\000n\000g}{subsection.4.2}% 30
\BOOKMARK [2][-]{subsection.4.3}{\376\377\000H\000a\000n\000d\000l\000i\000n\000g\000\040\000\046\000\040\000S\000e\000c\000u\000r\000i\000t\000y}{section.4}% 31
\BOOKMARK [3][-]{subsubsection.4.3.1}{\376\377\000C\000r\000e\000d\000e\000n\000t\000i\000a\000l\000\040\000M\000a\000n\000a\000g\000e\000m\000e\000n\000t}{subsection.4.3}% 32
\BOOKMARK [3][-]{subsubsection.4.3.2}{\376\377\000H\000T\000T\000P\000S\000\040\000a\000n\000d\000\040\000E\000r\000r\000o\000r\000\040\000H\000a\000n\000d\000l\000i\000n\000g}{subsection.4.3}% 33
\BOOKMARK [3][-]{subsubsection.4.3.3}{\376\377\000F\000i\000l\000e\000\040\000L\000o\000c\000k\000i\000n\000g\000\040\000a\000n\000d\000\040\000C\000o\000n\000c\000u\000r\000r\000e\000n\000c\000y}{subsection.4.3}% 34
\BOOKMARK [1][-]{section.5}{\376\377\000C\000o\000d\000e\000\040\000Q\000u\000a\000l\000i\000t\000y\000\040\000a\000n\000d\000\040\000M\000a\000i\000n\000t\000a\000i\000n\000a\000b\000i\000l\000i\000t\000y}{}% 35
\BOOKMARK [2][-]{subsection.5.1}{\376\377\000C\000o\000d\000i\000n\000g\000\040\000S\000t\000a\000n\000d\000a\000r\000d\000s}{section.5}% 36
\BOOKMARK [2][-]{subsection.5.2}{\376\377\000D\000o\000c\000u\000m\000e\000n\000t\000a\000t\000i\000o\000n\000\040\000a\000n\000d\000\040\000C\000o\000m\000m\000e\000n\000t\000s}{section.5}% 37
\BOOKMARK [2][-]{subsection.5.3}{\376\377\000E\000r\000r\000o\000r\000\040\000H\000a\000n\000d\000l\000i\000n\000g\000\040\000a\000n\000d\000\040\000L\000o\000g\000g\000i\000n\000g}{section.5}% 38
\BOOKMARK [2][-]{subsection.5.4}{\376\377\000M\000o\000d\000u\000l\000a\000r\000i\000t\000y}{section.5}% 39
\BOOKMARK [3][-]{subsubsection.5.4.1}{\376\377\000T\000r\000a\000n\000s\000a\000c\000t\000i\000o\000n\000\040\000L\000o\000g\000i\000c}{subsection.5.4}% 40
\BOOKMARK [3][-]{subsubsection.5.4.2}{\376\377\000E\000m\000a\000i\000l\000\040\000\046\000\040\000D\000i\000s\000c\000o\000r\000d\000\040\000N\000o\000t\000i\000f\000i\000c\000a\000t\000i\000o\000n\000s}{subsection.5.4}% 41
\BOOKMARK [1][-]{section.6}{\376\377\000S\000e\000c\000u\000r\000i\000t\000y\000\040\000C\000o\000n\000t\000r\000o\000l\000s}{}% 42
\BOOKMARK [2][-]{subsection.6.1}{\376\377\000T\000r\000a\000n\000s\000a\000c\000t\000i\000o\000n\000\040\000V\000a\000l\000i\000d\000a\000t\000i\000o\000n\000s}{section.6}% 43
\BOOKMARK [3][-]{subsubsection.6.1.1}{\376\377\000A\000D\000A\000\040\000v\000s\000.\000\040\000C\000u\000s\000t\000o\000m\000\040\000T\000o\000k\000e\000n\000s}{subsection.6.1}% 44
\BOOKMARK [2][-]{subsection.6.2}{\376\377\000D\000o\000u\000b\000l\000e\000\040\000C\000h\000e\000c\000k\000s\000\040\000a\000n\000d\000\040\000L\000i\000m\000i\000t\000s}{section.6}% 45
\BOOKMARK [3][-]{subsubsection.6.2.1}{\376\377\000C\000o\000o\000l\000d\000o\000w\000n\000\040\000a\000n\000d\000\040\000T\000h\000r\000e\000s\000h\000o\000l\000d\000s}{subsection.6.2}% 46
\BOOKMARK [2][-]{subsection.6.3}{\376\377\000C\000o\000n\000c\000u\000r\000r\000e\000n\000c\000y\000\040\000a\000n\000d\000\040\000F\000i\000l\000e\000\040\000L\000o\000c\000k\000i\000n\000g}{section.6}% 47
\BOOKMARK [3][-]{subsubsection.6.3.1}{\376\377\000F\000i\000l\000e\000\040\000L\000o\000c\000k\000i\000n\000g\000\040\000\050\000f\000c\000n\000t\000l\000.\000f\000l\000o\000c\000k\000\051}{subsection.6.3}% 48
\BOOKMARK [2][-]{subsection.6.4}{\376\377\000S\000e\000n\000s\000i\000t\000i\000v\000e\000\040\000D\000a\000t\000a\000\040\000M\000a\000n\000a\000g\000e\000m\000e\000n\000t}{section.6}% 49
\BOOKMARK [2][-]{subsection.6.5}{\376\377\000D\000a\000t\000a\000b\000a\000s\000e\000\040\000S\000e\000c\000u\000r\000i\000t\000y}{section.6}% 50
\BOOKMARK [2][-]{subsection.6.6}{\376\377\000E\000x\000t\000e\000r\000n\000a\000l\000\040\000A\000P\000I\000\040\000E\000r\000r\000o\000r\000\040\000H\000a\000n\000d\000l\000i\000n\000g}{section.6}% 51
\BOOKMARK [1][-]{section.7}{\376\377\000P\000o\000t\000e\000n\000t\000i\000a\000l\000\040\000V\000u\000l\000n\000e\000r\000a\000b\000i\000l\000i\000t\000i\000e\000s}{}% 52
\BOOKMARK [2][-]{subsection.7.1}{\376\377\000W\000i\000t\000h\000d\000r\000a\000w\000a\000l\000\040\000B\000y\000p\000a\000s\000s}{section.7}% 53
\BOOKMARK [3][-]{subsubsection.7.1.1}{\376\377\000X\000-\000H\000o\000u\000r\000\040\000a\000n\000d\000\040\000Y\000\045\000\040\000T\000h\000r\000e\000s\000h\000o\000l\000d}{subsection.7.1}% 54
\BOOKMARK [2][-]{subsection.7.2}{\376\377\000R\000a\000c\000e\000\040\000C\000o\000n\000d\000i\000t\000i\000o\000n\000s}{section.7}% 55
\BOOKMARK [3][-]{subsubsection.7.2.1}{\376\377\000S\000i\000m\000u\000l\000t\000a\000n\000e\000o\000u\000s\000\040\000D\000e\000p\000o\000s\000i\000t\000s\000/\000W\000i\000t\000h\000d\000r\000a\000w\000a\000l\000s}{subsection.7.2}% 56
\BOOKMARK [2][-]{subsection.7.3}{\376\377\000R\000e\000p\000l\000a\000y\000\040\000A\000t\000t\000a\000c\000k\000s}{section.7}% 57
\BOOKMARK [3][-]{subsubsection.7.3.1}{\376\377\000P\000r\000o\000c\000e\000s\000s\000e\000d\000\040\000T\000r\000a\000n\000s\000a\000c\000t\000i\000o\000n\000s\000\040\000L\000o\000g}{subsection.7.3}% 58
\BOOKMARK [2][-]{subsection.7.4}{\376\377\000I\000n\000s\000u\000f\000f\000i\000c\000i\000e\000n\000t\000\040\000V\000a\000l\000i\000d\000a\000t\000i\000o\000n}{section.7}% 59
\BOOKMARK [3][-]{subsubsection.7.4.1}{\376\377\000A\000d\000d\000r\000e\000s\000s\000e\000s\000\040\000a\000n\000d\000\040\000A\000m\000o\000u\000n\000t\000s}{subsection.7.4}% 60
\BOOKMARK [1][-]{section.8}{\376\377\000R\000e\000m\000e\000d\000i\000a\000t\000i\000o\000n\000s\000\040\000a\000n\000d\000\040\000R\000e\000c\000o\000m\000m\000e\000n\000d\000a\000t\000i\000o\000n\000s}{}% 61
\BOOKMARK [2][-]{subsection.8.1}{\376\377\000I\000m\000m\000e\000d\000i\000a\000t\000e\000\040\000C\000h\000a\000n\000g\000e\000s\000\040\000I\000m\000p\000l\000e\000m\000e\000n\000t\000e\000d}{section.8}% 62
\BOOKMARK [2][-]{subsection.8.2}{\376\377\000S\000h\000o\000r\000t\000-\000T\000e\000r\000m\000\040\000R\000e\000c\000o\000m\000m\000e\000n\000d\000a\000t\000i\000o\000n\000s}{section.8}% 63
\BOOKMARK [2][-]{subsection.8.3}{\376\377\000L\000o\000n\000g\000-\000T\000e\000r\000m\000\040\000R\000e\000c\000o\000m\000m\000e\000n\000d\000a\000t\000i\000o\000n\000s}{section.8}% 64
\BOOKMARK [1][-]{section.9}{\376\377\000C\000o\000n\000c\000l\000u\000s\000i\000o\000n}{}% 65
\BOOKMARK [2][-]{subsection.9.1}{\376\377\000O\000v\000e\000r\000a\000l\000l\000\040\000S\000e\000c\000u\000r\000i\000t\000y\000\040\000P\000o\000s\000t\000u\000r\000e}{section.9}% 66
\BOOKMARK [2][-]{subsection.9.2}{\376\377\000K\000e\000y\000\040\000T\000a\000k\000e\000a\000w\000a\000y\000s}{section.9}% 67
\BOOKMARK [3][-]{subsubsection.9.2.1}{\376\377\000C\000r\000i\000t\000i\000c\000a\000l\000\040\000F\000i\000x\000e\000s\000\040\000I\000m\000p\000l\000e\000m\000e\000n\000t\000e\000d}{subsection.9.2}% 68
\BOOKMARK [3][-]{subsubsection.9.2.2}{\376\377\000S\000t\000r\000e\000n\000g\000t\000h\000s\000\040\000I\000d\000e\000n\000t\000i\000f\000i\000e\000d}{subsection.9.2}% 69
\BOOKMARK [2][-]{subsection.9.3}{\376\377\000N\000e\000x\000t\000\040\000S\000t\000e\000p\000s}{section.9}% 70
\BOOKMARK [1][-]{section.10}{\376\377\000D\000i\000s\000c\000l\000a\000i\000m\000e\000r}{}% 71
